<?xml version="1.0" encoding="UTF-8"?>
<!-- Generated by org.testng.reporters.JUnitReportReporter -->
<testsuite hostname="LAPTOP-PUHFAFQ1" failures="0" tests="1" name="VerifyAccount.VeryfyNewAccount" time="89.887" errors="0" timestamp="2022-04-29T11:55:18 IST" skipped="0">
  <testcase classname="VerifyAccount.VeryfyNewAccount" name="veryfyNewAccount" time="89.887"/>
  <system-out>
    <![CDATA[veryfyNewAccountmethod started
CRM Home is Displayed,PASS
accountpageis displayed
created Account page is Displayed,PASS
veryfyNewAccountmethod passed]]>
  </system-out>
</testsuite> <!-- VerifyAccount.VeryfyNewAccount -->
