<?xml version="1.0" encoding="UTF-8"?>
<!-- Generated by org.testng.reporters.JUnitReportReporter -->
<testsuite hostname="LAPTOP-PUHFAFQ1" failures="0" tests="1" name="VerifyContact.VerifyContact" time="46.290" errors="0" timestamp="2022-04-29T18:07:13 IST" skipped="0">
  <testcase classname="VerifyContact.VerifyContact" name="verifyContact" time="46.290"/>
  <system-out>
    <![CDATA[CRM Home is Displayed,PASS
ContactPageis displayed]]>
  </system-out>
</testsuite> <!-- VerifyContact.VerifyContact -->
