<?xml version="1.0" encoding="UTF-8"?>
<!-- Generated by org.testng.reporters.JUnitReportReporter -->
<testsuite hostname="LAPTOP-PUHFAFQ1" failures="0" tests="1" name="VerifyAccount.VerifyAccount" time="43.136" errors="0" timestamp="2022-04-29T10:31:26 IST" skipped="0">
  <testcase classname="VerifyAccount.VerifyAccount" name="VerifyAccount" time="43.136"/>
  <system-out>
    <![CDATA[CRM Home is Displayed,PASS
Accountspageis displayed]]>
  </system-out>
</testsuite> <!-- VerifyAccount.VerifyAccount -->
