<?xml version="1.0" encoding="UTF-8"?>
<!-- Generated by org.testng.reporters.JUnitReportReporter -->
<testsuite hostname="LAPTOP-PUHFAFQ1" failures="0" tests="1" name="com.Kasa10.validLogin.ValidLoginTest" time="26.297" errors="0" timestamp="2022-04-29T18:04:43 IST" skipped="0">
  <testcase classname="com.Kasa10.validLogin.ValidLoginTest" name="LoginToAPP" time="26.297"/>
  <system-out>
    <![CDATA[CRM Home is Displayed,PASS]]>
  </system-out>
</testsuite> <!-- com.Kasa10.validLogin.ValidLoginTest -->
