<?xml version="1.0" encoding="UTF-8"?>
<!-- Generated by org.testng.reporters.JUnitReportReporter -->
<testsuite hostname="LAPTOP-PUHFAFQ1" failures="0" tests="1" name="VerifyContact.VerifyNewContact" time="104.906" errors="0" timestamp="2022-05-02T12:51:38 IST" skipped="0">
  <testcase classname="VerifyContact.VerifyNewContact" name="verifyNewContact" time="104.906"/>
  <system-out>
    <![CDATA[verifyNewContactmethod started
CRM Home is Displayed,PASS
contact pageis displayed
create contact page is Displayed,PASS
verifyNewContactmethod passed]]>
  </system-out>
</testsuite> <!-- VerifyContact.VerifyNewContact -->
