<?xml version="1.0" encoding="UTF-8"?>
<!-- Generated by org.testng.reporters.JUnitReportReporter -->
<testsuite hostname="LAPTOP-PUHFAFQ1" failures="0" tests="1" name="VerifyLeadsTest.VerifyNewLeadTest" time="226.680" errors="0" timestamp="2022-04-28T12:05:40 IST" skipped="0">
  <testcase classname="VerifyLeadsTest.VerifyNewLeadTest" name="verifyNewLeadTest" time="226.680"/>
  <system-out>
    <![CDATA[verifyNewLeadTestmethod started
CRM Home is Displayed,PASS
leadsPageis displayed
create leads page is Displayed,PASS
verifyNewLeadTestmethod passed]]>
  </system-out>
</testsuite> <!-- VerifyLeadsTest.VerifyNewLeadTest -->
